<?xml version="1.0" encoding="UTF-8"?>
<coverage generated="1727164145">
  <project timestamp="1727164145">
    <file name="/var/www/html/php-project-48/src/Differ.php">
      <line num="17" type="stmt" count="18"/>
      <line num="18" type="stmt" count="18"/>
      <line num="20" type="stmt" count="18"/>
      <line num="21" type="stmt" count="18"/>
      <line num="23" type="stmt" count="18"/>
      <line num="24" type="stmt" count="18"/>
      <line num="28" type="stmt" count="18"/>
      <line num="29" type="stmt" count="0"/>
      <line num="32" type="stmt" count="18"/>
      <line num="33" type="stmt" count="18"/>
      <line num="34" type="stmt" count="18"/>
      <line num="35" type="stmt" count="18"/>
      <line num="39" type="stmt" count="18"/>
      <line num="40" type="stmt" count="18"/>
      <line num="41" type="stmt" count="18"/>
      <line num="42" type="stmt" count="18"/>
      <line num="44" type="stmt" count="18"/>
      <line num="45" type="stmt" count="18"/>
      <line num="46" type="stmt" count="18"/>
      <line num="49" type="stmt" count="18"/>
      <line num="50" type="stmt" count="18"/>
      <line num="52" type="stmt" count="18"/>
      <line num="53" type="stmt" count="18"/>
      <line num="54" type="stmt" count="18"/>
      <line num="55" type="stmt" count="18"/>
      <line num="56" type="stmt" count="18"/>
      <line num="59" type="stmt" count="18"/>
      <line num="60" type="stmt" count="18"/>
      <line num="61" type="stmt" count="18"/>
      <line num="62" type="stmt" count="18"/>
      <line num="63" type="stmt" count="18"/>
      <line num="64" type="stmt" count="18"/>
      <line num="67" type="stmt" count="18"/>
      <line num="68" type="stmt" count="18"/>
      <line num="69" type="stmt" count="18"/>
      <line num="70" type="stmt" count="18"/>
      <line num="71" type="stmt" count="18"/>
      <line num="72" type="stmt" count="18"/>
      <line num="75" type="stmt" count="18"/>
      <line num="76" type="stmt" count="18"/>
      <line num="77" type="stmt" count="18"/>
      <line num="78" type="stmt" count="18"/>
      <line num="79" type="stmt" count="18"/>
      <line num="80" type="stmt" count="18"/>
      <line num="83" type="stmt" count="18"/>
      <line num="84" type="stmt" count="18"/>
      <line num="85" type="stmt" count="18"/>
      <line num="86" type="stmt" count="18"/>
      <line num="87" type="stmt" count="18"/>
      <line num="88" type="stmt" count="18"/>
      <line num="89" type="stmt" count="18"/>
      <metrics loc="91" ncloc="91" classes="0" methods="0" coveredmethods="0" conditionals="0" coveredconditionals="0" statements="51" coveredstatements="50" elements="51" coveredelements="50"/>
    </file>
    <file name="/var/www/html/php-project-48/src/Formatter.php">
      <line num="11" type="stmt" count="18"/>
      <line num="12" type="stmt" count="12"/>
      <line num="13" type="stmt" count="3"/>
      <line num="14" type="stmt" count="3"/>
      <line num="15" type="stmt" count="18"/>
      <line num="16" type="stmt" count="18"/>
      <metrics loc="18" ncloc="18" classes="0" methods="0" coveredmethods="0" conditionals="0" coveredconditionals="0" statements="6" coveredstatements="6" elements="6" coveredelements="6"/>
    </file>
    <file name="/var/www/html/php-project-48/src/Formatters/Json.php">
      <line num="7" type="stmt" count="3"/>
      <line num="8" type="stmt" count="3"/>
      <line num="9" type="stmt" count="3"/>
      <metrics loc="11" ncloc="11" classes="0" methods="0" coveredmethods="0" conditionals="0" coveredconditionals="0" statements="3" coveredstatements="3" elements="3" coveredelements="3"/>
    </file>
    <file name="/var/www/html/php-project-48/src/Formatters/Plain.php">
      <line num="21" type="stmt" count="3"/>
      <line num="22" type="stmt" count="3"/>
      <line num="27" type="stmt" count="3"/>
      <line num="28" type="stmt" count="3"/>
      <line num="31" type="stmt" count="3"/>
      <line num="32" type="stmt" count="3"/>
      <line num="35" type="stmt" count="3"/>
      <line num="36" type="stmt" count="3"/>
      <line num="37" type="stmt" count="3"/>
      <line num="38" type="stmt" count="3"/>
      <line num="39" type="stmt" count="3"/>
      <line num="42" type="stmt" count="3"/>
      <line num="43" type="stmt" count="3"/>
      <line num="44" type="stmt" count="3"/>
      <line num="45" type="stmt" count="3"/>
      <line num="46" type="stmt" count="3"/>
      <line num="47" type="stmt" count="3"/>
      <line num="48" type="stmt" count="3"/>
      <line num="49" type="stmt" count="3"/>
      <line num="50" type="stmt" count="3"/>
      <line num="51" type="stmt" count="3"/>
      <line num="52" type="stmt" count="3"/>
      <line num="53" type="stmt" count="3"/>
      <line num="54" type="stmt" count="3"/>
      <line num="55" type="stmt" count="3"/>
      <line num="56" type="stmt" count="3"/>
      <line num="57" type="stmt" count="3"/>
      <line num="58" type="stmt" count="3"/>
      <line num="59" type="stmt" count="3"/>
      <line num="60" type="stmt" count="3"/>
      <line num="61" type="stmt" count="3"/>
      <line num="63" type="stmt" count="3"/>
      <line num="65" type="stmt" count="3"/>
      <line num="67" type="stmt" count="3"/>
      <line num="72" type="stmt" count="3"/>
      <line num="73" type="stmt" count="3"/>
      <line num="75" type="stmt" count="3"/>
      <line num="76" type="stmt" count="3"/>
      <line num="78" type="stmt" count="3"/>
      <line num="79" type="stmt" count="3"/>
      <line num="81" type="stmt" count="3"/>
      <metrics loc="83" ncloc="83" classes="0" methods="0" coveredmethods="0" conditionals="0" coveredconditionals="0" statements="41" coveredstatements="41" elements="41" coveredelements="41"/>
    </file>
    <file name="/var/www/html/php-project-48/src/Formatters/Stylish.php">
      <line num="23" type="stmt" count="12"/>
      <line num="24" type="stmt" count="12"/>
      <line num="25" type="stmt" count="12"/>
      <line num="27" type="stmt" count="12"/>
      <line num="28" type="stmt" count="12"/>
      <line num="29" type="stmt" count="12"/>
      <line num="31" type="stmt" count="12"/>
      <line num="32" type="stmt" count="12"/>
      <line num="33" type="stmt" count="12"/>
      <line num="34" type="stmt" count="12"/>
      <line num="35" type="stmt" count="12"/>
      <line num="36" type="stmt" count="12"/>
      <line num="37" type="stmt" count="12"/>
      <line num="38" type="stmt" count="12"/>
      <line num="39" type="stmt" count="12"/>
      <line num="40" type="stmt" count="12"/>
      <line num="41" type="stmt" count="12"/>
      <line num="42" type="stmt" count="12"/>
      <line num="43" type="stmt" count="12"/>
      <line num="44" type="stmt" count="12"/>
      <line num="45" type="stmt" count="12"/>
      <line num="46" type="stmt" count="12"/>
      <line num="47" type="stmt" count="12"/>
      <line num="48" type="stmt" count="12"/>
      <line num="51" type="stmt" count="12"/>
      <line num="52" type="stmt" count="12"/>
      <line num="54" type="stmt" count="12"/>
      <line num="56" type="stmt" count="12"/>
      <line num="57" type="stmt" count="12"/>
      <line num="58" type="stmt" count="12"/>
      <line num="59" type="stmt" count="12"/>
      <line num="60" type="stmt" count="12"/>
      <line num="61" type="stmt" count="12"/>
      <line num="62" type="stmt" count="12"/>
      <line num="63" type="stmt" count="12"/>
      <line num="64" type="stmt" count="12"/>
      <line num="65" type="stmt" count="12"/>
      <line num="67" type="stmt" count="12"/>
      <line num="68" type="stmt" count="12"/>
      <line num="70" type="stmt" count="12"/>
      <line num="76" type="stmt" count="12"/>
      <line num="77" type="stmt" count="12"/>
      <line num="79" type="stmt" count="12"/>
      <line num="80" type="stmt" count="12"/>
      <line num="81" type="stmt" count="12"/>
      <line num="82" type="stmt" count="12"/>
      <line num="83" type="stmt" count="12"/>
      <line num="84" type="stmt" count="12"/>
      <line num="85" type="stmt" count="12"/>
      <line num="86" type="stmt" count="12"/>
      <line num="87" type="stmt" count="12"/>
      <line num="88" type="stmt" count="12"/>
      <line num="89" type="stmt" count="12"/>
      <line num="91" type="stmt" count="12"/>
      <line num="92" type="stmt" count="12"/>
      <line num="97" type="stmt" count="12"/>
      <line num="98" type="stmt" count="12"/>
      <line num="100" type="stmt" count="12"/>
      <metrics loc="102" ncloc="102" classes="0" methods="0" coveredmethods="0" conditionals="0" coveredconditionals="0" statements="58" coveredstatements="58" elements="58" coveredelements="58"/>
    </file>
    <file name="/var/www/html/php-project-48/src/Parser.php">
      <line num="9" type="stmt" count="18"/>
      <line num="10" type="stmt" count="12"/>
      <line num="11" type="stmt" count="12"/>
      <line num="12" type="stmt" count="18"/>
      <line num="13" type="stmt" count="18"/>
      <metrics loc="15" ncloc="15" classes="0" methods="0" coveredmethods="0" conditionals="0" coveredconditionals="0" statements="5" coveredstatements="5" elements="5" coveredelements="5"/>
    </file>
    <metrics files="6" loc="320" ncloc="320" classes="0" methods="0" coveredmethods="0" conditionals="0" coveredconditionals="0" statements="164" coveredstatements="163" elements="164" coveredelements="163"/>
  </project>
</coverage>
